0 info it worked if it ends with ok
1 verbose cli [ 'node', '/usr/local/bin/npm', 'install', 'webpack', '-g' ]
2 info using npm@1.4.28
3 info using node@v0.10.35
4 verbose cache add [ 'webpack', null ]
5 verbose cache add name=undefined spec="webpack" args=["webpack",null]
6 verbose parsed url { protocol: null,
6 verbose parsed url   slashes: null,
6 verbose parsed url   auth: null,
6 verbose parsed url   host: null,
6 verbose parsed url   port: null,
6 verbose parsed url   hostname: null,
6 verbose parsed url   hash: null,
6 verbose parsed url   search: null,
6 verbose parsed url   query: null,
6 verbose parsed url   pathname: 'webpack',
6 verbose parsed url   path: 'webpack',
6 verbose parsed url   href: 'webpack' }
7 silly lockFile 057b6197-webpack webpack
8 verbose lock webpack /Users/rfr03/.npm/057b6197-webpack.lock
9 silly lockFile 057b6197-webpack webpack
10 silly lockFile 057b6197-webpack webpack
11 verbose addNamed [ 'webpack', '' ]
12 verbose addNamed [ null, '*' ]
13 silly lockFile 9c8dd08b-webpack webpack@
14 verbose lock webpack@ /Users/rfr03/.npm/9c8dd08b-webpack.lock
15 silly addNameRange { name: 'webpack', range: '*', hasData: false }
16 verbose request where is /webpack
17 verbose request registry https://registry.npmjs.org/
18 verbose request id dcb1bc1851d62924
19 verbose url raw /webpack
20 verbose url resolving [ 'https://registry.npmjs.org/', './webpack' ]
21 verbose url resolved https://registry.npmjs.org/webpack
22 verbose request where is https://registry.npmjs.org/webpack
23 info trying registry request attempt 1 at 20:43:03
24 verbose etag "36KQ750KFXTN7BCVNIKBC3GEJ"
25 http GET https://registry.npmjs.org/webpack
26 http 200 https://registry.npmjs.org/webpack
27 silly registry.get cb [ 200,
27 silly registry.get   { date: 'Sat, 28 Mar 2015 20:42:58 GMT',
27 silly registry.get     server: 'CouchDB/1.5.0 (Erlang OTP/R16B03)',
27 silly registry.get     etag: '"6254MP1FLRCLZ4FYRUDF3YFHT"',
27 silly registry.get     'content-type': 'application/json',
27 silly registry.get     'cache-control': 'max-age=60',
27 silly registry.get     'content-length': '591692',
27 silly registry.get     'accept-ranges': 'bytes',
27 silly registry.get     via: '1.1 varnish',
27 silly registry.get     age: '0',
27 silly registry.get     'x-served-by': 'cache-dfw1834-DFW',
27 silly registry.get     'x-cache': 'HIT',
27 silly registry.get     'x-cache-hits': '1',
27 silly registry.get     'x-timer': 'S1427575378.159832,VS0,VE66',
27 silly registry.get     vary: 'Accept',
27 silly registry.get     'keep-alive': 'timeout=10, max=50',
27 silly registry.get     connection: 'Keep-Alive' } ]
28 silly addNameRange number 2 { name: 'webpack', range: '*', hasData: true }
29 silly addNameRange versions [ 'webpack',
29 silly addNameRange   [ '0.1.0',
29 silly addNameRange     '0.1.1',
29 silly addNameRange     '0.1.2',
29 silly addNameRange     '0.1.3',
29 silly addNameRange     '0.1.4',
29 silly addNameRange     '0.1.5',
29 silly addNameRange     '0.1.6',
29 silly addNameRange     '0.2.0',
29 silly addNameRange     '0.2.1',
29 silly addNameRange     '0.2.2',
29 silly addNameRange     '0.2.3',
29 silly addNameRange     '0.2.4',
29 silly addNameRange     '0.2.6',
29 silly addNameRange     '0.2.7',
29 silly addNameRange     '0.2.8',
29 silly addNameRange     '0.3.0',
29 silly addNameRange     '0.3.1',
29 silly addNameRange     '0.3.2',
29 silly addNameRange     '0.3.3',
29 silly addNameRange     '0.3.4',
29 silly addNameRange     '0.3.6',
29 silly addNameRange     '0.3.7',
29 silly addNameRange     '0.3.8',
29 silly addNameRange     '0.3.9',
29 silly addNameRange     '0.3.10',
29 silly addNameRange     '0.3.11',
29 silly addNameRange     '0.3.12',
29 silly addNameRange     '0.3.13',
29 silly addNameRange     '0.3.14',
29 silly addNameRange     '0.3.15',
29 silly addNameRange     '0.3.16',
29 silly addNameRange     '0.3.17',
29 silly addNameRange     '0.3.18',
29 silly addNameRange     '0.3.19',
29 silly addNameRange     '0.3.20',
29 silly addNameRange     '0.4.0',
29 silly addNameRange     '0.4.1',
29 silly addNameRange     '0.4.2',
29 silly addNameRange     '0.4.3',
29 silly addNameRange     '0.4.4',
29 silly addNameRange     '0.4.5',
29 silly addNameRange     '0.4.6',
29 silly addNameRange     '0.4.7',
29 silly addNameRange     '0.4.8',
29 silly addNameRange     '0.4.9',
29 silly addNameRange     '0.4.10',
29 silly addNameRange     '0.4.11',
29 silly addNameRange     '0.4.12',
29 silly addNameRange     '0.4.13',
29 silly addNameRange     '0.4.14',
29 silly addNameRange     '0.4.15',
29 silly addNameRange     '0.4.16',
29 silly addNameRange     '0.4.17',
29 silly addNameRange     '0.4.18',
29 silly addNameRange     '0.4.19',
29 silly addNameRange     '0.4.20',
29 silly addNameRange     '0.4.21',
29 silly addNameRange     '0.4.23',
29 silly addNameRange     '0.4.24',
29 silly addNameRange     '0.4.25',
29 silly addNameRange     '0.5.0',
29 silly addNameRange     '0.5.1',
29 silly addNameRange     '0.5.2',
29 silly addNameRange     '0.5.3',
29 silly addNameRange     '0.5.4',
29 silly addNameRange     '0.5.5',
29 silly addNameRange     '0.5.6',
29 silly addNameRange     '0.5.7',
29 silly addNameRange     '0.5.8',
29 silly addNameRange     '0.5.10',
29 silly addNameRange     '0.6.0',
29 silly addNameRange     '0.6.1',
29 silly addNameRange     '0.6.2',
29 silly addNameRange     '0.7.0-beta',
29 silly addNameRange     '0.7.0-beta2',
29 silly addNameRange     '0.7.0-beta3',
29 silly addNameRange     '0.7.0-beta4',
29 silly addNameRange     '0.7.0-beta5',
29 silly addNameRange     '0.7.0-beta6',
29 silly addNameRange     '0.7.0-beta7',
29 silly addNameRange     '0.7.0-beta8',
29 silly addNameRange     '0.7.0',
29 silly addNameRange     '0.7.1',
29 silly addNameRange     '0.7.2',
29 silly addNameRange     '0.7.3',
29 silly addNameRange     '0.7.4',
29 silly addNameRange     '0.7.5',
29 silly addNameRange     '0.7.6',
29 silly addNameRange     '0.7.7',
29 silly addNameRange     '0.7.8',
29 silly addNameRange     '0.7.9',
29 silly addNameRange     '0.7.11',
29 silly addNameRange     '0.7.12',
29 silly addNameRange     '0.7.13',
29 silly addNameRange     '0.7.14',
29 silly addNameRange     '0.7.15',
29 silly addNameRange     '0.7.16',
29 silly addNameRange     '0.7.17',
29 silly addNameRange     '0.8.0-beta1',
29 silly addNameRange     '0.8.0-beta2',
29 silly addNameRange     '0.8.0-beta3',
29 silly addNameRange     '0.8.0-beta4',
29 silly addNameRange     '0.8.0',
29 silly addNameRange     '0.8.2',
29 silly addNameRange     '0.8.3',
29 silly addNameRange     '0.9.0-beta1',
29 silly addNameRange     '0.9.0-beta2',
29 silly addNameRange     '0.9.0-beta4',
29 silly addNameRange     '0.9.0-beta5',
29 silly addNameRange     '0.9.0-beta6',
29 silly addNameRange     '0.9.0-beta7',
29 silly addNameRange     '0.9.0-beta8',
29 silly addNameRange     '0.9.0-beta9',
29 silly addNameRange     '0.9.0-beta10',
29 silly addNameRange     '0.9.0-beta11',
29 silly addNameRange     '0.9.0-beta12',
29 silly addNameRange     '0.9.0-beta13',
29 silly addNameRange     '0.9.0-beta14',
29 silly addNameRange     '0.9.0-beta15',
29 silly addNameRange     '0.9.0-beta16',
29 silly addNameRange     '0.9.0-beta17',
29 silly addNameRange     '0.9.0-beta18',
29 silly addNameRange     '0.9.0-beta19',
29 silly addNameRange     '0.9.0-beta20',
29 silly addNameRange     '0.9.0-beta21',
29 silly addNameRange     '0.9.0-beta22',
29 silly addNameRange     '0.9.0-beta23',
29 silly addNameRange     '0.9.0-beta24',
29 silly addNameRange     '0.9.0-beta25',
29 silly addNameRange     '0.9.0-beta26',
29 silly addNameRange     '0.9.0-beta27',
29 silly addNameRange     '0.9.0-beta28',
29 silly addNameRange     '0.9.0-beta29',
29 silly addNameRange     '0.9.0-beta30',
29 silly addNameRange     '0.9.0-beta31',
29 silly addNameRange     '0.9.0-beta32',
29 silly addNameRange     '0.9.0-beta33',
29 silly addNameRange     '0.9.0-beta34',
29 silly addNameRange     '0.9.0-beta35',
29 silly addNameRange     '0.9.0-beta36',
29 silly addNameRange     '0.9.0-beta37',
29 silly addNameRange     '0.9.0-beta38',
29 silly addNameRange     '0.9.0',
29 silly addNameRange     '0.9.1',
29 silly addNameRange     '0.9.2',
29 silly addNameRange     '0.9.3',
29 silly addNameRange     '0.10.0-beta2',
29 silly addNameRange     '0.10.0-beta3',
29 silly addNameRange     '0.10.0-beta5',
29 silly addNameRange     '0.10.0-beta6',
29 silly addNameRange     '0.10.0-beta7',
29 silly addNameRange     '0.10.0-beta8',
29 silly addNameRange     '0.10.0-beta9',
29 silly addNameRange     '0.10.0-beta10',
29 silly addNameRange     '0.10.0-beta11',
29 silly addNameRange     '0.10.0-beta12',
29 silly addNameRange     '0.10.0-beta13',
29 silly addNameRange     '0.10.0-beta14',
29 silly addNameRange     '0.10.0-beta15',
29 silly addNameRange     '0.10.0-beta16',
29 silly addNameRange     '0.10.0-beta17',
29 silly addNameRange     '0.10.0-beta18',
29 silly addNameRange     '0.10.0-beta19',
29 silly addNameRange     '0.10.0-beta20',
29 silly addNameRange     '0.10.0-beta21',
29 silly addNameRange     '0.10.0-beta22',
29 silly addNameRange     '0.10.0-beta23',
29 silly addNameRange     '0.10.0-beta24',
29 silly addNameRange     '0.10.0-beta25',
29 silly addNameRange     '0.10.0',
29 silly addNameRange     '0.11.0-beta1',
29 silly addNameRange     '0.11.0-beta2',
29 silly addNameRange     '0.11.0-beta3',
29 silly addNameRange     '0.11.0-beta4',
29 silly addNameRange     '0.11.0-beta5',
29 silly addNameRange     '0.11.0-beta6',
29 silly addNameRange     '0.11.0-beta7',
29 silly addNameRange     '0.11.0-beta8',
29 silly addNameRange     '0.11.0-beta9',
29 silly addNameRange     '0.11.0-beta10',
29 silly addNameRange     '0.11.0-beta11',
29 silly addNameRange     '0.11.0-beta12',
29 silly addNameRange     '0.11.0-beta13',
29 silly addNameRange     '0.11.0-beta14',
29 silly addNameRange     '0.11.0-beta15',
29 silly addNameRange     '0.11.0-beta16',
29 silly addNameRange     '0.11.0-beta17',
29 silly addNameRange     '0.11.0-beta18',
29 silly addNameRange     '0.11.0-beta19',
29 silly addNameRange     '0.11.0-beta20',
29 silly addNameRange     '0.11.0-beta21',
29 silly addNameRange     '0.11.0-beta22',
29 silly addNameRange     '0.11.0-beta23',
29 silly addNameRange     '0.11.0-beta24',
29 silly addNameRange     '0.11.0-beta25',
29 silly addNameRange     '0.11.0-beta26',
29 silly addNameRange     '0.11.0-beta27',
29 silly addNameRange     '0.11.0-beta28',
29 silly addNameRange     '0.11.0-beta29',
29 silly addNameRange     '0.11.0',
29 silly addNameRange     '0.11.1',
29 silly addNameRange     '0.11.2',
29 silly addNameRange     '0.11.3',
29 silly addNameRange     '0.11.4',
29 silly addNameRange     '0.11.5',
29 silly addNameRange     '0.11.6',
29 silly addNameRange     '0.11.7',
29 silly addNameRange     '0.11.8',
29 silly addNameRange     '0.11.9',
29 silly addNameRange     '0.11.10',
29 silly addNameRange     '0.11.11',
29 silly addNameRange     '0.11.12',
29 silly addNameRange     '0.11.13',
29 silly addNameRange     '0.11.14',
29 silly addNameRange     '0.11.15',
29 silly addNameRange     '1.0.0-beta1',
29 silly addNameRange     '1.0.0-beta2',
29 silly addNameRange     '1.0.0-beta3',
29 silly addNameRange     '1.0.0-beta4',
29 silly addNameRange     '0.11.16',
29 silly addNameRange     '0.11.17',
29 silly addNameRange     '0.11.18',
29 silly addNameRange     '1.0.0-beta5',
29 silly addNameRange     '1.0.0-beta6',
29 silly addNameRange     '1.0.0-beta7',
29 silly addNameRange     '1.0.0-beta8',
29 silly addNameRange     '1.0.0-beta9',
29 silly addNameRange     '1.0.0-rc1',
29 silly addNameRange     '1.0.0-rc2',
29 silly addNameRange     '1.0.0-rc3',
29 silly addNameRange     '1.0.0-rc4',
29 silly addNameRange     '1.0.0-rc5',
29 silly addNameRange     '1.0.0-rc7',
29 silly addNameRange     '1.0.0-rc8',
29 silly addNameRange     '1.0.0-rc9',
29 silly addNameRange     '1.0.0-rc11',
29 silly addNameRange     '1.0.0-rc12',
29 silly addNameRange     '1.0.0',
29 silly addNameRange     '1.0.1',
29 silly addNameRange     '1.0.3',
29 silly addNameRange     '1.0.4',
29 silly addNameRange     '1.0.5',
29 silly addNameRange     '1.1.0-beta1',
29 silly addNameRange     '1.1.0-beta2',
29 silly addNameRange     '1.1.0-beta3',
29 silly addNameRange     '1.1.0-beta4',
29 silly addNameRange     '1.1.0-beta5',
29 silly addNameRange     '1.1.0-beta6',
29 silly addNameRange     '1.1.0-beta7',
29 silly addNameRange     '1.1.0-beta8',
29 silly addNameRange     '1.1.0-beta9',
29 silly addNameRange     '1.1.0-beta10',
29 silly addNameRange     '1.1.0-beta12',
29 silly addNameRange     '1.1.0',
29 silly addNameRange     '1.1.1',
29 silly addNameRange     '1.1.2',
29 silly addNameRange     '1.1.3',
29 silly addNameRange     '1.1.4',
29 silly addNameRange     '1.1.5',
29 silly addNameRange     '1.1.6',
29 silly addNameRange     '1.1.7',
29 silly addNameRange     '1.1.8',
29 silly addNameRange     '1.1.9',
29 silly addNameRange     '1.1.10',
29 silly addNameRange     '1.1.11',
29 silly addNameRange     '1.2.0-beta1',
29 silly addNameRange     '1.2.0-beta2',
29 silly addNameRange     '1.2.0-beta4',
29 silly addNameRange     '1.2.0-beta5',
29 silly addNameRange     '1.2.0-beta6',
29 silly addNameRange     '1.3.0-beta1',
29 silly addNameRange     '1.3.0-beta2',
29 silly addNameRange     '1.3.0-beta3',
29 silly addNameRange     '1.3.0-beta4',
29 silly addNameRange     '1.3.0-beta5',
29 silly addNameRange     '1.3.0-beta6',
29 silly addNameRange     '1.3.0-beta7',
29 silly addNameRange     '1.3.0-beta8',
29 silly addNameRange     '1.3.0-beta9',
29 silly addNameRange     '1.3.1-beta1',
29 silly addNameRange     '1.3.1-beta2',
29 silly addNameRange     '1.3.1-beta3',
29 silly addNameRange     '1.3.1-beta4',
29 silly addNameRange     '1.3.1-beta5',
29 silly addNameRange     '1.3.1-beta6',
29 silly addNameRange     '1.3.1-beta7',
29 silly addNameRange     '1.3.1-beta8',
29 silly addNameRange     '1.3.1-beta9',
29 silly addNameRange     '1.3.2-beta1',
29 silly addNameRange     '1.3.2-beta2',
29 silly addNameRange     '1.3.2-beta3',
29 silly addNameRange     '1.3.2-beta4',
29 silly addNameRange     '1.3.2-beta5',
29 silly addNameRange     '1.3.2-beta6',
29 silly addNameRange     '1.3.2-beta7',
29 silly addNameRange     '1.3.2-beta8',
29 silly addNameRange     '1.3.2-beta9',
29 silly addNameRange     '1.3.3-beta1',
29 silly addNameRange     '1.3.3-beta2',
29 silly addNameRange     '1.3.4',
29 silly addNameRange     '1.3.5',
29 silly addNameRange     '1.3.6',
29 silly addNameRange     '1.3.7',
29 silly addNameRange     '1.4.0-beta1',
29 silly addNameRange     '1.4.0-beta2',
29 silly addNameRange     '1.4.0-beta3',
29 silly addNameRange     '1.4.0-beta4',
29 silly addNameRange     '1.4.0-beta5',
29 silly addNameRange     '1.4.0-beta6',
29 silly addNameRange     '1.4.0-beta7',
29 silly addNameRange     '1.4.0-beta8',
29 silly addNameRange     '1.4.0-beta9',
29 silly addNameRange     '1.4.0-beta10',
29 silly addNameRange     '1.4.1-beta1',
29 silly addNameRange     '1.4.2',
29 silly addNameRange     '1.4.3',
29 silly addNameRange     '1.4.4',
29 silly addNameRange     '1.4.5',
29 silly addNameRange     '1.4.6',
29 silly addNameRange     '1.4.7',
29 silly addNameRange     '1.4.8',
29 silly addNameRange     '1.4.9',
29 silly addNameRange     '1.4.10',
29 silly addNameRange     '1.4.11',
29 silly addNameRange     '1.4.12',
29 silly addNameRange     '1.4.13',
29 silly addNameRange     '1.4.14',
29 silly addNameRange     '1.4.15',
29 silly addNameRange     '1.5.0',
29 silly addNameRange     '1.5.1',
29 silly addNameRange     '1.5.2',
29 silly addNameRange     '1.5.3',
29 silly addNameRange     '1.6.0',
29 silly addNameRange     '1.7.0',
29 silly addNameRange     '1.7.1',
29 silly addNameRange     '1.7.2',
29 silly addNameRange     '1.7.3' ] ]
30 verbose addNamed [ 'webpack', '1.7.3' ]
31 verbose addNamed [ '1.7.3', '1.7.3' ]
32 silly lockFile 9dcc9d46-webpack-1-7-3 webpack@1.7.3
33 verbose lock webpack@1.7.3 /Users/rfr03/.npm/9dcc9d46-webpack-1-7-3.lock
34 silly lockFile 9dcc9d46-webpack-1-7-3 webpack@1.7.3
35 silly lockFile 9dcc9d46-webpack-1-7-3 webpack@1.7.3
36 silly lockFile 9c8dd08b-webpack webpack@
37 silly lockFile 9c8dd08b-webpack webpack@
38 silly resolved [ { name: 'webpack',
38 silly resolved     version: '1.7.3',
38 silly resolved     author: { name: 'Tobias Koppers @sokra' },
38 silly resolved     description: 'Packs CommonJs/AMD modules for the browser. Allows to split your codebase into multiple bundles, which can be loaded on demand. Support loaders to preprocess files, i.e. json, jade, coffee, css, less, ... and your custom stuff.',
38 silly resolved     dependencies:
38 silly resolved      { esprima: '~1.2.0',
38 silly resolved        mkdirp: '~0.5.0',
38 silly resolved        optimist: '~0.6.0',
38 silly resolved        'uglify-js': '~2.4.13',
38 silly resolved        async: '~0.9.0',
38 silly resolved        'enhanced-resolve': '~0.8.2',
38 silly resolved        'memory-fs': '~0.2.0',
38 silly resolved        clone: '~0.1.15',
38 silly resolved        'webpack-core': '~0.5.0',
38 silly resolved        'node-libs-browser': '~0.4.0',
38 silly resolved        watchpack: '^0.2.1',
38 silly resolved        tapable: '~0.1.8',
38 silly resolved        'supports-color': '^1.2.0' },
38 silly resolved     licenses: [ [Object] ],
38 silly resolved     devDependencies:
38 silly resolved      { mocha: '~2.1.0',
38 silly resolved        should: '^4.6.0',
38 silly resolved        'vm-browserify': '~0.0.0',
38 silly resolved        express: '~3.4.8',
38 silly resolved        'webpack-dev-middleware': '^1.0.0',
38 silly resolved        'worker-loader': '~0.5.0',
38 silly resolved        'raw-loader': '~0.5.0',
38 silly resolved        'json-loader': '~0.5.1',
38 silly resolved        'jade-loader': '~0.7.0',
38 silly resolved        'coffee-loader': '~0.7.1',
38 silly resolved        'css-loader': '~0.9.0',
38 silly resolved        'less-loader': '^2.0.0',
38 silly resolved        'style-loader': '~0.8.0',
38 silly resolved        'script-loader': '~0.6.0',
38 silly resolved        'bundle-loader': '~0.5.0',
38 silly resolved        'file-loader': '~0.8.0',
38 silly resolved        'url-loader': '~0.5.0',
38 silly resolved        'val-loader': '~0.5.0',
38 silly resolved        'i18n-webpack-plugin': '~0.2.0',
38 silly resolved        'extract-text-webpack-plugin': '~0.3.0',
38 silly resolved        'component-webpack-plugin': '~0.2.0' },
38 silly resolved     engines: { node: '>=0.6' },
38 silly resolved     repository: { type: 'git', url: 'http://github.com/webpack/webpack.git' },
38 silly resolved     homepage: 'http://github.com/webpack/webpack',
38 silly resolved     main: 'lib/webpack.js',
38 silly resolved     web: 'lib/webpack.web.js',
38 silly resolved     bin: { webpack: './bin/webpack.js' },
38 silly resolved     scripts:
38 silly resolved      { test: 'mocha --reporter spec',
38 silly resolved        cover: 'istanbul cover node_modules/mocha/bin/_mocha -- -R spec' },
38 silly resolved     gitHead: 'b1da5ed5c69f02cb9a4215a56157267b1de9a11b',
38 silly resolved     bugs: { url: 'https://github.com/webpack/webpack/issues' },
38 silly resolved     _id: 'webpack@1.7.3',
38 silly resolved     _shasum: '197a94039b3b57dfe9150e52ad93054dce095dfb',
38 silly resolved     _from: 'webpack@',
38 silly resolved     _npmVersion: '2.5.1',
38 silly resolved     _nodeVersion: '0.12.0',
38 silly resolved     _npmUser: { name: 'sokra', email: 'tobias.koppers@googlemail.com' },
38 silly resolved     maintainers: [ [Object] ],
38 silly resolved     dist:
38 silly resolved      { shasum: '197a94039b3b57dfe9150e52ad93054dce095dfb',
38 silly resolved        tarball: 'http://registry.npmjs.org/webpack/-/webpack-1.7.3.tgz' },
38 silly resolved     directories: {},
38 silly resolved     _resolved: 'https://registry.npmjs.org/webpack/-/webpack-1.7.3.tgz',
38 silly resolved     readme: 'ERROR: No README data found!' } ]
39 info install webpack@1.7.3 into /usr/local/lib
40 info installOne webpack@1.7.3
41 verbose lib/node_modules/webpack unbuild
42 verbose tar unpack /Users/rfr03/.npm/webpack/1.7.3/package.tgz
43 silly lockFile dd1c7ecc-r-local-lib-node-modules-webpack tar:///usr/local/lib/node_modules/webpack
44 verbose lock tar:///usr/local/lib/node_modules/webpack /Users/rfr03/.npm/dd1c7ecc-r-local-lib-node-modules-webpack.lock
45 silly lockFile 9770e1fd-03-npm-webpack-1-7-3-package-tgz tar:///Users/rfr03/.npm/webpack/1.7.3/package.tgz
46 verbose lock tar:///Users/rfr03/.npm/webpack/1.7.3/package.tgz /Users/rfr03/.npm/9770e1fd-03-npm-webpack-1-7-3-package-tgz.lock
47 silly gunzTarPerm modes [ '755', '644' ]
48 error Error: EACCES, mkdir '/usr/local/lib/node_modules/webpack'
48 error  { [Error: EACCES, mkdir '/usr/local/lib/node_modules/webpack']
48 error   errno: 3,
48 error   code: 'EACCES',
48 error   path: '/usr/local/lib/node_modules/webpack',
48 error   fstream_type: 'Directory',
48 error   fstream_path: '/usr/local/lib/node_modules/webpack',
48 error   fstream_class: 'DirWriter',
48 error   fstream_stack:
48 error    [ '/usr/local/lib/node_modules/npm/node_modules/fstream/lib/dir-writer.js:36:23',
48 error      '/usr/local/lib/node_modules/npm/node_modules/mkdirp/index.js:46:53',
48 error      'Object.oncomplete (fs.js:108:15)' ] }
49 error Please try running this command again as root/Administrator.
50 error System Darwin 12.2.1
51 error command "node" "/usr/local/bin/npm" "install" "webpack" "-g"
52 error cwd /Users/rfr03/dev/base-react-app/app/Application2
53 error node -v v0.10.35
54 error npm -v 1.4.28
55 error path /usr/local/lib/node_modules/webpack
56 error fstream_path /usr/local/lib/node_modules/webpack
57 error fstream_type Directory
58 error fstream_class DirWriter
59 error code EACCES
60 error errno 3
61 error stack Error: EACCES, mkdir '/usr/local/lib/node_modules/webpack'
62 error fstream_stack /usr/local/lib/node_modules/npm/node_modules/fstream/lib/dir-writer.js:36:23
62 error fstream_stack /usr/local/lib/node_modules/npm/node_modules/mkdirp/index.js:46:53
62 error fstream_stack Object.oncomplete (fs.js:108:15)
63 verbose exit [ 3, true ]
